

Started GET "/rails/info/properties" for 127.0.0.1 at 2011-05-04 20:51:03 -0400
  Processing by Rails::InfoController#properties as 
  [1m[36mSQL (0.4ms)[0m  [1m SELECT name
 FROM sqlite_master
 WHERE type = 'table' AND NOT name = 'sqlite_sequence'
[0m
Rendered inline template (0.4ms)
Completed 200 OK in 23ms (Views: 1.3ms | ActiveRecord: 0.4ms)
  [1m[36mSQL (0.4ms)[0m  [1m SELECT name
 FROM sqlite_master
 WHERE type = 'table' AND NOT name = 'sqlite_sequence'
[0m
  [1m[35mSQL (0.1ms)[0m  select sqlite_version(*)
  [1m[36mSQL (165.2ms)[0m  [1mCREATE TABLE "schema_migrations" ("version" varchar(255) NOT NULL) [0m
  [1m[35mSQL (0.1ms)[0m  PRAGMA index_list("schema_migrations")
  [1m[36mSQL (114.2ms)[0m  [1mCREATE UNIQUE INDEX "unique_schema_migrations" ON "schema_migrations" ("version")[0m
  [1m[35mSQL (0.4ms)[0m   SELECT name
 FROM sqlite_master
 WHERE type = 'table' AND NOT name = 'sqlite_sequence'
  [1m[36mSQL (0.2ms)[0m  [1m SELECT name
 FROM sqlite_master
 WHERE type = 'table' AND NOT name = 'sqlite_sequence'
[0m
  [1m[35mSQL (0.1ms)[0m  SELECT "schema_migrations"."version" FROM "schema_migrations"
Migrating to CreatePosts (20110505005136)
  [1m[36mSQL (0.6ms)[0m  [1mCREATE TABLE "posts" ("id" INTEGER PRIMARY KEY AUTOINCREMENT NOT NULL, "what" varchar(255), "where" varchar(255), "when" date, "created_at" datetime, "updated_at" datetime) [0m
  [1m[35mSQL (0.1ms)[0m  INSERT INTO "schema_migrations" ("version") VALUES ('20110505005136')
  [1m[36mSQL (0.2ms)[0m  [1m SELECT name
 FROM sqlite_master
 WHERE type = 'table' AND NOT name = 'sqlite_sequence'
[0m
  [1m[35mSQL (0.1ms)[0m  SELECT "schema_migrations"."version" FROM "schema_migrations"
  [1m[36mSQL (0.1ms)[0m  [1m SELECT name
 FROM sqlite_master
 WHERE type = 'table' AND NOT name = 'sqlite_sequence'
[0m
  [1m[35mSQL (0.0ms)[0m  PRAGMA index_list("posts")


Started GET "/p" for 127.0.0.1 at 2011-05-04 20:51:55 -0400

ActionController::RoutingError (No route matches "/p"):
  

Rendered /home/kyle/.rvm/gems/ruby-1.9.2-p180/gems/actionpack-3.0.7/lib/action_dispatch/middleware/templates/rescues/routing_error.erb within rescues/layout (1.0ms)


Started GET "/posts" for 127.0.0.1 at 2011-05-04 20:51:56 -0400
  Processing by PostsController#index as HTML
  [1m[35mPost Load (0.4ms)[0m  SELECT "posts".* FROM "posts"
Rendered posts/index.html.erb within layouts/application (2.4ms)
Completed 200 OK in 41ms (Views: 5.1ms | ActiveRecord: 0.4ms)

LoadError (no such file to load -- openssl):
  

Rendered /home/kyle/.rvm/gems/ruby-1.9.2-p180/gems/actionpack-3.0.7/lib/action_dispatch/middleware/templates/rescues/_trace.erb (1.0ms)
Rendered /home/kyle/.rvm/gems/ruby-1.9.2-p180/gems/actionpack-3.0.7/lib/action_dispatch/middleware/templates/rescues/_request_and_response.erb (2.8ms)
Rendered /home/kyle/.rvm/gems/ruby-1.9.2-p180/gems/actionpack-3.0.7/lib/action_dispatch/middleware/templates/rescues/diagnostics.erb within rescues/layout (8.6ms)


Started GET "/post" for 127.0.0.1 at 2011-05-04 20:51:57 -0400

ActionController::RoutingError (No route matches "/post"):
  

Rendered /home/kyle/.rvm/gems/ruby-1.9.2-p180/gems/actionpack-3.0.7/lib/action_dispatch/middleware/templates/rescues/routing_error.erb within rescues/layout (1.4ms)


Started GET "/posts" for 127.0.0.1 at 2011-05-04 20:51:59 -0400
  Processing by PostsController#index as HTML
  [1m[36mPost Load (0.4ms)[0m  [1mSELECT "posts".* FROM "posts"[0m
Rendered posts/index.html.erb within layouts/application (2.4ms)
Completed 200 OK in 37ms (Views: 5.0ms | ActiveRecord: 0.4ms)

LoadError (no such file to load -- openssl):
  

Rendered /home/kyle/.rvm/gems/ruby-1.9.2-p180/gems/actionpack-3.0.7/lib/action_dispatch/middleware/templates/rescues/_trace.erb (1.0ms)
Rendered /home/kyle/.rvm/gems/ruby-1.9.2-p180/gems/actionpack-3.0.7/lib/action_dispatch/middleware/templates/rescues/_request_and_response.erb (2.6ms)
Rendered /home/kyle/.rvm/gems/ruby-1.9.2-p180/gems/actionpack-3.0.7/lib/action_dispatch/middleware/templates/rescues/diagnostics.erb within rescues/layout (7.3ms)


Started GET "/posts" for 127.0.0.1 at 2011-05-04 21:02:47 -0400
  Processing by PostsController#index as HTML
  [1m[35mPost Load (0.3ms)[0m  SELECT "posts".* FROM "posts"
Rendered posts/index.html.erb within layouts/application (2.4ms)
Completed 200 OK in 12ms (Views: 5.3ms | ActiveRecord: 0.3ms)

LoadError (no such file to load -- openssl):
  

Rendered /home/kyle/.rvm/gems/ruby-1.9.2-p180/gems/actionpack-3.0.7/lib/action_dispatch/middleware/templates/rescues/_trace.erb (1.0ms)
Rendered /home/kyle/.rvm/gems/ruby-1.9.2-p180/gems/actionpack-3.0.7/lib/action_dispatch/middleware/templates/rescues/_request_and_response.erb (2.8ms)
Rendered /home/kyle/.rvm/gems/ruby-1.9.2-p180/gems/actionpack-3.0.7/lib/action_dispatch/middleware/templates/rescues/diagnostics.erb within rescues/layout (7.6ms)


Started GET "/posts" for 127.0.0.1 at 2011-05-04 21:08:25 -0400
  Processing by PostsController#index as HTML
  [1m[36mPost Load (0.5ms)[0m  [1mSELECT "posts".* FROM "posts"[0m
Rendered posts/index.html.erb within layouts/application (2.5ms)
Completed 200 OK in 69ms (Views: 5.3ms | ActiveRecord: 0.5ms)


Started GET "/posts/new" for 127.0.0.1 at 2011-05-04 21:08:35 -0400
  Processing by PostsController#new as HTML
Rendered posts/_form.html.erb (50.6ms)
Rendered posts/new.html.erb within layouts/application (54.5ms)
Completed 200 OK in 64ms (Views: 57.2ms | ActiveRecord: 0.0ms)


Started POST "/posts" for 127.0.0.1 at 2011-05-04 21:08:59 -0400
  Processing by PostsController#create as HTML
  Parameters: {"utf8"=>"✓", "authenticity_token"=>"WTnx1Bn4xHnZkZZ9fuWNgQyuC+DJexbnHFI8/x8y8XM=", "post"=>{"what"=>"hanging out", "where"=>"phi delt", "when(1i)"=>"2011", "when(2i)"=>"5", "when(3i)"=>"5"}, "commit"=>"Create Post"}
  [1m[35mSQL (0.2ms)[0m   SELECT name
 FROM sqlite_master
 WHERE type = 'table' AND NOT name = 'sqlite_sequence'
  [1m[36mAREL (0.4ms)[0m  [1mINSERT INTO "posts" ("what", "where", "when", "created_at", "updated_at") VALUES ('hanging out', 'phi delt', '2011-05-05', '2011-05-05 01:08:59.985554', '2011-05-05 01:08:59.985554')[0m
Redirected to http://localhost:3000/posts/1
Completed 302 Found in 155ms


Started GET "/posts/1" for 127.0.0.1 at 2011-05-04 21:09:00 -0400
  Processing by PostsController#show as HTML
  Parameters: {"id"=>"1"}
  [1m[35mPost Load (0.3ms)[0m  SELECT "posts".* FROM "posts" WHERE "posts"."id" = 1 LIMIT 1
Rendered posts/show.html.erb within layouts/application (9.1ms)
Completed 200 OK in 21ms (Views: 11.9ms | ActiveRecord: 0.8ms)


Started GET "/posts" for 127.0.0.1 at 2011-05-04 21:09:06 -0400
  Processing by PostsController#index as HTML
  [1m[36mPost Load (0.3ms)[0m  [1mSELECT "posts".* FROM "posts"[0m
Rendered posts/index.html.erb within layouts/application (10.4ms)
Completed 200 OK in 19ms (Views: 13.0ms | ActiveRecord: 0.3ms)
  [1m[36mSQL (0.5ms)[0m  [1m SELECT name
 FROM sqlite_master
 WHERE type = 'table' AND NOT name = 'sqlite_sequence'
[0m
  [1m[35mSQL (0.1ms)[0m   SELECT name
 FROM sqlite_master
 WHERE type = 'table' AND NOT name = 'sqlite_sequence'
  [1m[36mSQL (0.1ms)[0m  [1mSELECT "schema_migrations"."version" FROM "schema_migrations"[0m
Migrating to CreatePosts (20110505005136)
Migrating to ChangeWhenDataTypeToTime (20110505011527)
  [1m[35mSQL (0.1ms)[0m  select sqlite_version(*)
  [1m[36mSQL (0.5ms)[0m  [1m SELECT name
 FROM sqlite_master
 WHERE type = 'table' AND NOT name = 'sqlite_sequence'
[0m
  [1m[35mSQL (0.1ms)[0m   SELECT name
 FROM sqlite_master
 WHERE type = 'table' AND NOT name = 'sqlite_sequence'
  [1m[36mSQL (0.1ms)[0m  [1mSELECT "schema_migrations"."version" FROM "schema_migrations"[0m
Migrating to CreatePosts (20110505005136)
Migrating to ChangeWhenDataTypeToTime (20110505011527)
  [1m[35mSQL (0.1ms)[0m  select sqlite_version(*)
  [1m[36mSQL (0.5ms)[0m  [1mCREATE TEMPORARY TABLE "altered_posts" ("id" INTEGER PRIMARY KEY AUTOINCREMENT NOT NULL, "what" varchar(255), "where" varchar(255), "when" date, "created_at" datetime, "updated_at" datetime) [0m
  [1m[35mSQL (0.0ms)[0m  PRAGMA index_list("posts")
  [1m[36mSQL (0.5ms)[0m  [1mDROP TABLE "posts"[0m
  [1m[35mSQL (0.2ms)[0m  CREATE TABLE "posts" ("id" INTEGER PRIMARY KEY AUTOINCREMENT NOT NULL, "what" varchar(255), "where" varchar(255), "when" time, "created_at" datetime, "updated_at" datetime) 
  [1m[36mSQL (0.0ms)[0m  [1mPRAGMA index_list("altered_posts")[0m
  [1m[35mSQL (0.2ms)[0m  DROP TABLE "altered_posts"
  [1m[36mSQL (0.1ms)[0m  [1mINSERT INTO "schema_migrations" ("version") VALUES ('20110505011527')[0m
  [1m[35mSQL (0.3ms)[0m   SELECT name
 FROM sqlite_master
 WHERE type = 'table' AND NOT name = 'sqlite_sequence'
  [1m[36mSQL (0.2ms)[0m  [1mSELECT "schema_migrations"."version" FROM "schema_migrations"[0m
  [1m[35mSQL (0.2ms)[0m   SELECT name
 FROM sqlite_master
 WHERE type = 'table' AND NOT name = 'sqlite_sequence'
  [1m[36mSQL (0.1ms)[0m  [1mPRAGMA index_list("posts")[0m


Started GET "/posts/new" for 127.0.0.1 at 2011-05-04 21:17:49 -0400
  Processing by PostsController#new as HTML
Rendered posts/_form.html.erb (9.1ms)
Rendered posts/new.html.erb within layouts/application (11.8ms)
Completed 200 OK in 21ms (Views: 14.5ms | ActiveRecord: 0.0ms)


Started GET "/posts/new" for 127.0.0.1 at 2011-05-04 21:17:51 -0400
  Processing by PostsController#new as HTML
Rendered posts/_form.html.erb (10.6ms)
Rendered posts/new.html.erb within layouts/application (13.7ms)
Completed 200 OK in 23ms (Views: 16.8ms | ActiveRecord: 0.0ms)


Started GET "/posts/new" for 127.0.0.1 at 2011-05-04 21:18:01 -0400
  Processing by PostsController#new as HTML
Rendered posts/_form.html.erb (39.4ms)
Rendered posts/new.html.erb within layouts/application (42.6ms)
Completed 200 OK in 53ms (Views: 45.4ms | ActiveRecord: 0.0ms)


Started POST "/posts/1" for 127.0.0.1 at 2011-05-04 21:18:06 -0400
  Processing by PostsController#destroy as HTML
  Parameters: {"authenticity_token"=>"WTnx1Bn4xHnZkZZ9fuWNgQyuC+DJexbnHFI8/x8y8XM=", "id"=>"1"}
  [1m[36mSQL (0.2ms)[0m  [1m SELECT name
 FROM sqlite_master
 WHERE type = 'table' AND NOT name = 'sqlite_sequence'
[0m
  [1m[35mPost Load (0.2ms)[0m  SELECT "posts".* FROM "posts" WHERE "posts"."id" = 1 LIMIT 1
  [1m[36mAREL (0.3ms)[0m  [1mDELETE FROM "posts" WHERE "posts"."id" = 1[0m
Redirected to http://localhost:3000/posts
Completed 302 Found in 166ms


Started GET "/posts" for 127.0.0.1 at 2011-05-04 21:18:06 -0400
  Processing by PostsController#index as HTML
  [1m[35mPost Load (0.3ms)[0m  SELECT "posts".* FROM "posts"
Rendered posts/index.html.erb within layouts/application (2.5ms)
Completed 200 OK in 11ms (Views: 5.8ms | ActiveRecord: 1.2ms)


Started GET "/posts/new" for 127.0.0.1 at 2011-05-04 21:18:08 -0400
  Processing by PostsController#new as HTML
Rendered posts/_form.html.erb (9.1ms)
Rendered posts/new.html.erb within layouts/application (11.8ms)
Completed 200 OK in 22ms (Views: 14.9ms | ActiveRecord: 0.0ms)
  [1m[36mSQL (0.5ms)[0m  [1m SELECT name
 FROM sqlite_master
 WHERE type = 'table' AND NOT name = 'sqlite_sequence'
[0m
  [1m[35mSQL (0.1ms)[0m   SELECT name
 FROM sqlite_master
 WHERE type = 'table' AND NOT name = 'sqlite_sequence'
  [1m[36mSQL (0.1ms)[0m  [1mSELECT "schema_migrations"."version" FROM "schema_migrations"[0m
Migrating to CreatePosts (20110505005136)
Migrating to ChangeWhenDataTypeToTime (20110505011527)
  [1m[35mSQL (0.1ms)[0m  select sqlite_version(*)
  [1m[36mSQL (0.1ms)[0m  [1m SELECT name
 FROM sqlite_master
 WHERE type = 'table' AND NOT name = 'sqlite_sequence'
[0m
  [1m[35mSQL (0.1ms)[0m  SELECT "schema_migrations"."version" FROM "schema_migrations"
  [1m[36mSQL (0.1ms)[0m  [1m SELECT name
 FROM sqlite_master
 WHERE type = 'table' AND NOT name = 'sqlite_sequence'
[0m
  [1m[35mSQL (0.0ms)[0m  PRAGMA index_list("posts")
  [1m[36mSQL (0.5ms)[0m  [1m SELECT name
 FROM sqlite_master
 WHERE type = 'table' AND NOT name = 'sqlite_sequence'
[0m
  [1m[35mSQL (0.1ms)[0m   SELECT name
 FROM sqlite_master
 WHERE type = 'table' AND NOT name = 'sqlite_sequence'
  [1m[36mSQL (0.1ms)[0m  [1mSELECT "schema_migrations"."version" FROM "schema_migrations"[0m
Migrating to CreatePosts (20110505005136)
Migrating to ChangeWhenDataTypeToTime (20110505011527)
  [1m[35mSQL (0.1ms)[0m  select sqlite_version(*)
  [1m[36mSQL (0.1ms)[0m  [1m SELECT name
 FROM sqlite_master
 WHERE type = 'table' AND NOT name = 'sqlite_sequence'
[0m
  [1m[35mSQL (0.1ms)[0m  SELECT "schema_migrations"."version" FROM "schema_migrations"
  [1m[36mSQL (0.1ms)[0m  [1m SELECT name
 FROM sqlite_master
 WHERE type = 'table' AND NOT name = 'sqlite_sequence'
[0m
  [1m[35mSQL (0.0ms)[0m  PRAGMA index_list("posts")
  [1m[36mSQL (0.5ms)[0m  [1m SELECT name
 FROM sqlite_master
 WHERE type = 'table' AND NOT name = 'sqlite_sequence'
[0m
  [1m[35mSQL (0.1ms)[0m   SELECT name
 FROM sqlite_master
 WHERE type = 'table' AND NOT name = 'sqlite_sequence'
  [1m[36mSQL (0.1ms)[0m  [1mSELECT "schema_migrations"."version" FROM "schema_migrations"[0m
Migrating to CreatePosts (20110505005136)
Migrating to ChangeWhenDataTypeToTime (20110505011527)
  [1m[35mSQL (0.1ms)[0m  select sqlite_version(*)
  [1m[36mSQL (0.1ms)[0m  [1m SELECT name
 FROM sqlite_master
 WHERE type = 'table' AND NOT name = 'sqlite_sequence'
[0m
  [1m[35mSQL (0.1ms)[0m  SELECT "schema_migrations"."version" FROM "schema_migrations"
  [1m[36mSQL (0.1ms)[0m  [1m SELECT name
 FROM sqlite_master
 WHERE type = 'table' AND NOT name = 'sqlite_sequence'
[0m
  [1m[35mSQL (0.0ms)[0m  PRAGMA index_list("posts")
  [1m[36mSQL (0.5ms)[0m  [1m SELECT name
 FROM sqlite_master
 WHERE type = 'table' AND NOT name = 'sqlite_sequence'
[0m
  [1m[35mSQL (0.1ms)[0m   SELECT name
 FROM sqlite_master
 WHERE type = 'table' AND NOT name = 'sqlite_sequence'
  [1m[36mSQL (0.1ms)[0m  [1mSELECT "schema_migrations"."version" FROM "schema_migrations"[0m
  [1m[35mSQL (0.1ms)[0m   SELECT name
 FROM sqlite_master
 WHERE type = 'table' AND NOT name = 'sqlite_sequence'
  [1m[36mSQL (0.1ms)[0m  [1mSELECT "schema_migrations"."version" FROM "schema_migrations"[0m
Migrating to ChangeWhenDataTypeToTime (20110505011527)
  [1m[35mSQL (0.1ms)[0m  select sqlite_version(*)
  [1m[36mSQL (0.5ms)[0m  [1m SELECT name
 FROM sqlite_master
 WHERE type = 'table' AND NOT name = 'sqlite_sequence'
[0m
  [1m[35mSQL (0.1ms)[0m   SELECT name
 FROM sqlite_master
 WHERE type = 'table' AND NOT name = 'sqlite_sequence'
  [1m[36mSQL (0.1ms)[0m  [1mSELECT "schema_migrations"."version" FROM "schema_migrations"[0m
  [1m[35mSQL (0.1ms)[0m   SELECT name
 FROM sqlite_master
 WHERE type = 'table' AND NOT name = 'sqlite_sequence'
  [1m[36mSQL (0.1ms)[0m  [1mSELECT "schema_migrations"."version" FROM "schema_migrations"[0m
Migrating to ChangeWhenDataTypeToTime (20110505011527)
  [1m[35mSQL (0.1ms)[0m  select sqlite_version(*)
  [1m[36mSQL (1.6ms)[0m  [1mCREATE TEMPORARY TABLE "altered_posts" ("id" INTEGER PRIMARY KEY AUTOINCREMENT NOT NULL, "what" varchar(255), "where" varchar(255), "when" time, "created_at" datetime, "updated_at" datetime) [0m
  [1m[35mSQL (0.0ms)[0m  PRAGMA index_list("posts")
  [1m[36mSQL (0.2ms)[0m  [1mDROP TABLE "posts"[0m
  [1m[35mSQL (0.2ms)[0m  CREATE TABLE "posts" ("id" INTEGER PRIMARY KEY AUTOINCREMENT NOT NULL, "what" varchar(255), "where" varchar(255), "when" date, "created_at" datetime, "updated_at" datetime) 
  [1m[36mSQL (0.0ms)[0m  [1mPRAGMA index_list("altered_posts")[0m
  [1m[35mSQL (0.2ms)[0m  DROP TABLE "altered_posts"
  [1m[36mAREL (0.1ms)[0m  [1mDELETE FROM "schema_migrations" WHERE "schema_migrations"."version" = '20110505011527'[0m
  [1m[35mSQL (0.3ms)[0m   SELECT name
 FROM sqlite_master
 WHERE type = 'table' AND NOT name = 'sqlite_sequence'
  [1m[36mSQL (0.2ms)[0m  [1mSELECT "schema_migrations"."version" FROM "schema_migrations"[0m
  [1m[35mSQL (0.2ms)[0m   SELECT name
 FROM sqlite_master
 WHERE type = 'table' AND NOT name = 'sqlite_sequence'
  [1m[36mSQL (0.1ms)[0m  [1mPRAGMA index_list("posts")[0m
  [1m[35mSQL (0.2ms)[0m   SELECT name
 FROM sqlite_master
 WHERE type = 'table' AND NOT name = 'sqlite_sequence'
  [1m[36mSQL (0.1ms)[0m  [1mSELECT "schema_migrations"."version" FROM "schema_migrations"[0m
Migrating to CreatePosts (20110505005136)
Migrating to ChangeWhenDataTypeToTime (20110505011527)
  [1m[35mSQL (0.2ms)[0m  CREATE TEMPORARY TABLE "altered_posts" ("id" INTEGER PRIMARY KEY AUTOINCREMENT NOT NULL, "what" varchar(255), "where" varchar(255), "when" date, "created_at" datetime, "updated_at" datetime) 
  [1m[36mSQL (0.0ms)[0m  [1mPRAGMA index_list("posts")[0m
  [1m[35mSQL (0.2ms)[0m  DROP TABLE "posts"
  [1m[36mSQL (0.2ms)[0m  [1mCREATE TABLE "posts" ("id" INTEGER PRIMARY KEY AUTOINCREMENT NOT NULL, "what" varchar(255), "where" varchar(255), "when" datetime, "created_at" datetime, "updated_at" datetime) [0m
  [1m[35mSQL (0.0ms)[0m  PRAGMA index_list("altered_posts")
  [1m[36mSQL (0.1ms)[0m  [1mDROP TABLE "altered_posts"[0m
  [1m[35mSQL (0.1ms)[0m  INSERT INTO "schema_migrations" ("version") VALUES ('20110505011527')
  [1m[36mSQL (0.3ms)[0m  [1m SELECT name
 FROM sqlite_master
 WHERE type = 'table' AND NOT name = 'sqlite_sequence'
[0m
  [1m[35mSQL (0.2ms)[0m  SELECT "schema_migrations"."version" FROM "schema_migrations"
  [1m[36mSQL (0.2ms)[0m  [1m SELECT name
 FROM sqlite_master
 WHERE type = 'table' AND NOT name = 'sqlite_sequence'
[0m
  [1m[35mSQL (0.1ms)[0m  PRAGMA index_list("posts")


Started GET "/posts/ne/" for 127.0.0.1 at 2011-05-04 21:22:55 -0400
  Processing by PostsController#show as HTML
  Parameters: {"id"=>"ne"}
  [1m[36mSQL (0.6ms)[0m  [1m SELECT name
 FROM sqlite_master
 WHERE type = 'table' AND NOT name = 'sqlite_sequence'
[0m
  [1m[35mPost Load (0.1ms)[0m  SELECT "posts".* FROM "posts" WHERE "posts"."id" = 0 LIMIT 1
Completed   in 43ms

ActiveRecord::RecordNotFound (Couldn't find Post with ID=ne):
  app/controllers/posts_controller.rb:16:in `show'

Rendered /home/kyle/.rvm/gems/ruby-1.9.2-p180/gems/actionpack-3.0.7/lib/action_dispatch/middleware/templates/rescues/_trace.erb (1.2ms)
Rendered /home/kyle/.rvm/gems/ruby-1.9.2-p180/gems/actionpack-3.0.7/lib/action_dispatch/middleware/templates/rescues/_request_and_response.erb (2.8ms)
Rendered /home/kyle/.rvm/gems/ruby-1.9.2-p180/gems/actionpack-3.0.7/lib/action_dispatch/middleware/templates/rescues/diagnostics.erb within rescues/layout (9.1ms)


Started GET "/posts/ne" for 127.0.0.1 at 2011-05-04 21:22:56 -0400
  Processing by PostsController#show as HTML
  Parameters: {"id"=>"ne"}
  [1m[36mPost Load (0.2ms)[0m  [1mSELECT "posts".* FROM "posts" WHERE "posts"."id" = 0 LIMIT 1[0m
Completed   in 9ms

ActiveRecord::RecordNotFound (Couldn't find Post with ID=ne):
  app/controllers/posts_controller.rb:16:in `show'

Rendered /home/kyle/.rvm/gems/ruby-1.9.2-p180/gems/actionpack-3.0.7/lib/action_dispatch/middleware/templates/rescues/_trace.erb (1.0ms)
Rendered /home/kyle/.rvm/gems/ruby-1.9.2-p180/gems/actionpack-3.0.7/lib/action_dispatch/middleware/templates/rescues/_request_and_response.erb (2.5ms)
Rendered /home/kyle/.rvm/gems/ruby-1.9.2-p180/gems/actionpack-3.0.7/lib/action_dispatch/middleware/templates/rescues/diagnostics.erb within rescues/layout (7.2ms)


Started GET "/posts/ne" for 127.0.0.1 at 2011-05-04 21:22:56 -0400
  Processing by PostsController#show as HTML
  Parameters: {"id"=>"ne"}
  [1m[35mPost Load (0.1ms)[0m  SELECT "posts".* FROM "posts" WHERE "posts"."id" = 0 LIMIT 1
Completed   in 8ms

ActiveRecord::RecordNotFound (Couldn't find Post with ID=ne):
  app/controllers/posts_controller.rb:16:in `show'

Rendered /home/kyle/.rvm/gems/ruby-1.9.2-p180/gems/actionpack-3.0.7/lib/action_dispatch/middleware/templates/rescues/_trace.erb (0.9ms)
Rendered /home/kyle/.rvm/gems/ruby-1.9.2-p180/gems/actionpack-3.0.7/lib/action_dispatch/middleware/templates/rescues/_request_and_response.erb (2.5ms)
Rendered /home/kyle/.rvm/gems/ruby-1.9.2-p180/gems/actionpack-3.0.7/lib/action_dispatch/middleware/templates/rescues/diagnostics.erb within rescues/layout (7.2ms)


Started GET "/p" for 127.0.0.1 at 2011-05-04 21:23:00 -0400

ActionController::RoutingError (No route matches "/p"):
  

Rendered /home/kyle/.rvm/gems/ruby-1.9.2-p180/gems/actionpack-3.0.7/lib/action_dispatch/middleware/templates/rescues/routing_error.erb within rescues/layout (1.4ms)


Started GET "/posts" for 127.0.0.1 at 2011-05-04 21:23:01 -0400
  Processing by PostsController#index as HTML
  [1m[36mPost Load (0.3ms)[0m  [1mSELECT "posts".* FROM "posts"[0m
Rendered posts/index.html.erb within layouts/application (2.3ms)
Completed 200 OK in 11ms (Views: 5.1ms | ActiveRecord: 0.4ms)


Started GET "/posts/new" for 127.0.0.1 at 2011-05-04 21:23:03 -0400
  Processing by PostsController#new as HTML
Rendered posts/_form.html.erb (38.7ms)
Rendered posts/new.html.erb within layouts/application (41.8ms)
Completed 200 OK in 51ms (Views: 44.7ms | ActiveRecord: 0.0ms)


Started POST "/posts" for 127.0.0.1 at 2011-05-04 21:23:14 -0400
  Processing by PostsController#create as HTML
  Parameters: {"utf8"=>"✓", "authenticity_token"=>"WTnx1Bn4xHnZkZZ9fuWNgQyuC+DJexbnHFI8/x8y8XM=", "post"=>{"what"=>"check", "where"=>"onetwo", "when(1i)"=>"2011", "when(2i)"=>"5", "when(3i)"=>"5"}, "commit"=>"Create Post"}
  [1m[35mAREL (0.3ms)[0m  INSERT INTO "posts" ("what", "where", "when", "created_at", "updated_at") VALUES ('check', 'onetwo', '2011-05-05 00:00:00.000000', '2011-05-05 01:23:14.482512', '2011-05-05 01:23:14.482512')
Redirected to http://localhost:3000/posts/1
Completed 302 Found in 158ms


Started GET "/posts/1" for 127.0.0.1 at 2011-05-04 21:23:14 -0400
  Processing by PostsController#show as HTML
  Parameters: {"id"=>"1"}
  [1m[36mPost Load (0.3ms)[0m  [1mSELECT "posts".* FROM "posts" WHERE "posts"."id" = 1 LIMIT 1[0m
Rendered posts/show.html.erb within layouts/application (39.6ms)
Completed 200 OK in 51ms (Views: 42.8ms | ActiveRecord: 0.6ms)


Started GET "/posts" for 127.0.0.1 at 2011-05-04 21:31:04 -0400
  Processing by PostsController#index as HTML
  [1m[36mPost Load (0.5ms)[0m  [1mSELECT "posts".* FROM "posts"[0m
Rendered posts/index.html.erb within layouts/application (13.3ms)
Completed 200 OK in 79ms (Views: 16.1ms | ActiveRecord: 0.5ms)


Started GET "/posts/new" for 127.0.0.1 at 2011-05-04 21:31:07 -0400
  Processing by PostsController#new as HTML
Rendered posts/_form.html.erb (11.1ms)
Rendered posts/new.html.erb within layouts/application (13.9ms)
Completed 200 OK in 23ms (Views: 16.5ms | ActiveRecord: 0.0ms)


Started GET "/posts/new" for 127.0.0.1 at 2011-05-04 21:35:34 -0400
  Processing by PostsController#new as HTML
Rendered posts/_form.html.erb (10.7ms)
Rendered posts/new.html.erb within layouts/application (13.5ms)
Completed 200 OK in 50ms (Views: 16.4ms | ActiveRecord: 0.0ms)


Started GET "/posts/new" for 127.0.0.1 at 2011-05-04 21:35:41 -0400
  Processing by PostsController#new as HTML
Rendered posts/_form.html.erb (10.0ms)
Rendered posts/new.html.erb within layouts/application (12.7ms)
Completed 200 OK in 22ms (Views: 15.3ms | ActiveRecord: 0.0ms)


Started GET "/posts/new" for 127.0.0.1 at 2011-05-04 21:35:47 -0400
  Processing by PostsController#new as HTML
Rendered posts/_form.html.erb (10.6ms)
Rendered posts/new.html.erb within layouts/application (13.4ms)
Completed 200 OK in 23ms (Views: 16.1ms | ActiveRecord: 0.0ms)


Started POST "/posts" for 127.0.0.1 at 2011-05-04 21:36:05 -0400
  Processing by PostsController#create as HTML
  Parameters: {"utf8"=>"✓", "authenticity_token"=>"WTnx1Bn4xHnZkZZ9fuWNgQyuC+DJexbnHFI8/x8y8XM=", "post"=>{"what"=>"meetings", "where"=>"phi delt", "when(1i)"=>"2011", "when(2i)"=>"5", "when(3i)"=>"4", "when(4i)"=>"22", "when(5i)"=>"00"}, "commit"=>"Create Post"}
  [1m[35mSQL (0.2ms)[0m   SELECT name
 FROM sqlite_master
 WHERE type = 'table' AND NOT name = 'sqlite_sequence'
  [1m[36mAREL (0.3ms)[0m  [1mINSERT INTO "posts" ("what", "where", "when", "created_at", "updated_at") VALUES ('meetings', 'phi delt', '2011-05-04 22:00:00.000000', '2011-05-05 01:36:05.510336', '2011-05-05 01:36:05.510336')[0m
Redirected to http://localhost:3000/posts/2
Completed 302 Found in 166ms


Started GET "/posts/2" for 127.0.0.1 at 2011-05-04 21:36:05 -0400
  Processing by PostsController#show as HTML
  Parameters: {"id"=>"2"}
  [1m[35mPost Load (0.1ms)[0m  SELECT "posts".* FROM "posts" WHERE "posts"."id" = 2 LIMIT 1
Rendered posts/show.html.erb within layouts/application (8.9ms)
Completed 200 OK in 20ms (Views: 11.8ms | ActiveRecord: 0.7ms)


Started GET "/posts" for 127.0.0.1 at 2011-05-04 21:36:08 -0400
  Processing by PostsController#index as HTML
  [1m[36mPost Load (0.4ms)[0m  [1mSELECT "posts".* FROM "posts"[0m
Rendered posts/index.html.erb within layouts/application (10.5ms)
Completed 200 OK in 19ms (Views: 13.2ms | ActiveRecord: 0.4ms)
